\BOOKMARK [0][-]{chapter.1}{The Adapter Framework}{}% 1
\BOOKMARK [1][-]{section.1.1}{Introduction}{chapter.1}% 2
\BOOKMARK [1][-]{section.1.2}{Motivation}{chapter.1}% 3
\BOOKMARK [1][-]{section.1.3}{Approach}{chapter.1}% 4
\BOOKMARK [2][-]{subsection.1.3.1}{Decomposition of the adapter pattern}{section.1.3}% 5
\BOOKMARK [2][-]{subsection.1.3.2}{Compile-time}{section.1.3}% 6
\BOOKMARK [3][-]{subsubsection.1.3.2.1}{Gluer DSL}{subsection.1.3.2}% 7
\BOOKMARK [3][-]{subsubsection.1.3.2.2}{User-defined Converters}{subsection.1.3.2}% 8
\BOOKMARK [3][-]{subsubsection.1.3.2.3}{Conversion Registry}{subsection.1.3.2}% 9
\BOOKMARK [3][-]{subsubsection.1.3.2.4}{Code Generation}{subsection.1.3.2}% 10
\BOOKMARK [2][-]{subsection.1.3.3}{Runtime}{section.1.3}% 11
\BOOKMARK [3][-]{subsubsection.1.3.3.1}{Initialization}{subsection.1.3.3}% 12
\BOOKMARK [3][-]{subsubsection.1.3.3.2}{zamk Conversion Requests}{subsection.1.3.3}% 13
\BOOKMARK [3][-]{subsubsection.1.3.3.3}{Finding a Conversion}{subsection.1.3.3}% 14
\BOOKMARK [3][-]{subsubsection.1.3.3.4}{Target Object Creation and Retrieval}{subsection.1.3.3}% 15
\BOOKMARK [3][-]{subsubsection.1.3.3.5}{Object Synchronization}{subsection.1.3.3}% 16
\BOOKMARK [3][-]{subsubsection.1.3.3.6}{Run-time API}{subsection.1.3.3}% 17
\BOOKMARK [1][-]{section.1.4}{Related Work}{chapter.1}% 18
\BOOKMARK [1][-]{section.1.5}{Conclusion}{chapter.1}% 19
\BOOKMARK [0][-]{section*.12}{Bibliography}{}% 20
